   1              	 .syntax unified
   2              	 .cpu cortex-m4
   3              	 .eabi_attribute 27,3
   4              	 .fpu fpv4-sp-d16
   5              	 .eabi_attribute 20,1
   6              	 .eabi_attribute 21,1
   7              	 .eabi_attribute 23,3
   8              	 .eabi_attribute 24,1
   9              	 .eabi_attribute 25,1
  10              	 .eabi_attribute 26,1
  11              	 .eabi_attribute 30,6
  12              	 .eabi_attribute 34,1
  13              	 .eabi_attribute 18,4
  14              	 .thumb
  15              	 .file "main.c"
  16              	 .text
  17              	.Ltext0:
  18              	 .cfi_sections .debug_frame
  19              	 .section .text.main,"ax",%progbits
  20              	 .align 2
  21              	 .global main
  22              	 .thumb
  23              	 .thumb_func
  25              	main:
  26              	.LFB133:
  27              	 .file 1 "../main.c"
   1:../main.c     **** /*
   2:../main.c     ****  * main.c
   3:../main.c     ****  *
   4:../main.c     ****  *  Created on: 2023 Jul 24 11:02:25
   5:../main.c     ****  *  Author: fatin
   6:../main.c     ****  */
   7:../main.c     **** 
   8:../main.c     **** #include "DAVE.h"                 //Declarations from DAVE Code Generation (includes SFR declaratio
   9:../main.c     **** #include <stdio.h>
  10:../main.c     **** #include <stdbool.h>
  11:../main.c     **** /**
  12:../main.c     **** 
  13:../main.c     ****  * @brief main() - Application entry point
  14:../main.c     ****  *
  15:../main.c     ****  * <b>Details of function</b><br>
  16:../main.c     ****  * This routine is the application entry point. It is invoked by the device startup code. It is res
  17:../main.c     ****  * invoking the APP initialization dispatcher routine - DAVE_Init() and hosting the place-holder fo
  18:../main.c     ****  * code.
  19:../main.c     ****  */
  20:../main.c     **** 
  21:../main.c     **** int main(void)
  22:../main.c     **** {
  28              	 .loc 1 22 0
  29              	 .cfi_startproc
  30              	 
  31              	 
  32 0000 80B5     	 push {r7,lr}
  33              	.LCFI0:
  34              	 .cfi_def_cfa_offset 8
  35              	 .cfi_offset 7,-8
  36              	 .cfi_offset 14,-4
  37 0002 82B0     	 sub sp,sp,#8
  38              	.LCFI1:
  39              	 .cfi_def_cfa_offset 16
  40 0004 00AF     	 add r7,sp,#0
  41              	.LCFI2:
  42              	 .cfi_def_cfa_register 7
  23:../main.c     ****   DAVE_STATUS_t status;
  24:../main.c     **** 
  25:../main.c     ****   status = DAVE_Init();           /* Initialization of DAVE APPs  */
  43              	 .loc 1 25 0
  44 0006 FFF7FEFF 	 bl DAVE_Init
  45 000a 0346     	 mov r3,r0
  46 000c FB71     	 strb r3,[r7,#7]
  26:../main.c     **** 
  27:../main.c     ****   if (status != DAVE_STATUS_SUCCESS)
  47              	 .loc 1 27 0
  48 000e FB79     	 ldrb r3,[r7,#7]
  49 0010 002B     	 cmp r3,#0
  50 0012 00D0     	 beq .L2
  51              	.L3:
  28:../main.c     ****   {
  29:../main.c     ****     /* Placeholder for error handler code. The while loop below can be replaced with an user error 
  30:../main.c     ****     XMC_DEBUG("DAVE APPs initialization failed\n");
  31:../main.c     **** 
  32:../main.c     ****     while(1U)
  33:../main.c     ****     {
  34:../main.c     **** 
  35:../main.c     ****     }
  52              	 .loc 1 35 0 discriminator 1
  53 0014 FEE7     	 b .L3
  54              	.L2:
  55              	.LBB2:
  36:../main.c     ****   }
  37:../main.c     **** 
  38:../main.c     ****   // Placeholder for user application code.
  39:../main.c     ****   // The while loop below can be replaced with user application code.
  40:../main.c     ****   while(1U)
  41:../main.c     ****   {
  42:../main.c     ****     checkBlindSpot(); // Call the blind spot detection function from bsd.c
  56              	 .loc 1 42 0 discriminator 1
  57 0016 FFF7FEFF 	 bl checkBlindSpot
  58              	.LBE2:
  43:../main.c     **** 
  44:../main.c     ****     //delay(100);
  45:../main.c     **** 
  46:../main.c     **** 
  47:../main.c     ****   }
  59              	 .loc 1 47 0 discriminator 1
  60 001a FCE7     	 b .L2
  61              	 .cfi_endproc
  62              	.LFE133:
  64              	 .text
  65              	.Letext0:
  66              	 .file 2 "c:\\infineon\\tools\\dave ide\\4.5.0.202105191637\\eclipse\\arm-gcc-49\\arm-none-eabi\\include\\machine\\_default_types.h"
  67              	 .file 3 "c:\\infineon\\tools\\dave ide\\4.5.0.202105191637\\eclipse\\arm-gcc-49\\arm-none-eabi\\include\\stdint.h"
  68              	 .file 4 "C:/Users/fatin/OneDrive - University of Waterloo/Desktop/ECE 498A/BSD/Blind_Spot/Dave/Generated/DAVE.h"
  69              	 .file 5 "C:/Users/fatin/OneDrive - University of Waterloo/Desktop/ECE 498A/BSD/Blind_Spot/Libraries/CMSIS/Include/cmsis_gcc.h"
  70              	 .file 6 "C:/Users/fatin/OneDrive - University of Waterloo/Desktop/ECE 498A/BSD/Blind_Spot/Libraries/CMSIS/Include/core_cm4.h"
DEFINED SYMBOLS
                            *ABS*:00000000 main.c
    {standard input}:20     .text.main:00000000 $t
    {standard input}:25     .text.main:00000000 main
                     .debug_frame:00000010 $d

UNDEFINED SYMBOLS
DAVE_Init
checkBlindSpot
