
Blink_LED.elf:     file format elf32-littlearm

Sections:
Idx Name          Size      VMA       LMA       File off  Algn
  0 .text         000009bc  08000000  0c000000  00008000  2**2
                  CONTENTS, ALLOC, LOAD, READONLY, CODE
  1 Stack         00000800  1ffe8000  1ffe8000  00010000  2**0
                  ALLOC
  2 .no_init      00000014  2003ffc0  2003ffc0  0000ffc0  2**2
                  ALLOC
  3 .debug_aranges 00000170  00000000  00000000  000089c0  2**3
                  CONTENTS, READONLY, DEBUGGING
  4 .debug_info   00002a6e  00000000  00000000  00008b30  2**0
                  CONTENTS, READONLY, DEBUGGING
  5 .debug_abbrev 00000ade  00000000  00000000  0000b59e  2**0
                  CONTENTS, READONLY, DEBUGGING
  6 .debug_line   00001211  00000000  00000000  0000c07c  2**0
                  CONTENTS, READONLY, DEBUGGING
  7 .debug_frame  0000034c  00000000  00000000  0000d290  2**2
                  CONTENTS, READONLY, DEBUGGING
  8 .debug_str    00000e93  00000000  00000000  0000d5dc  2**0
                  CONTENTS, READONLY, DEBUGGING
  9 .debug_loc    00000588  00000000  00000000  0000e46f  2**0
                  CONTENTS, READONLY, DEBUGGING
 10 .debug_ranges 000000c8  00000000  00000000  0000e9f7  2**0
                  CONTENTS, READONLY, DEBUGGING
 11 .build_attributes 0000020f  00000000  00000000  0000eabf  2**0
                  CONTENTS, READONLY

Disassembly of section .text:

08000000 <__Vectors>:
 8000000:	00 88 fe 1f 01 02 00 08 99 02 00 08 99 02 00 08     ................
 8000010:	99 02 00 08 99 02 00 08 99 02 00 08 00 00 00 00     ................
	...
 800002c:	99 02 00 08 99 02 00 08 00 00 00 00 99 02 00 08     ................
 800003c:	99 02 00 08 99 02 00 08 99 02 00 08 99 02 00 08     ................
 800004c:	99 02 00 08 99 02 00 08 99 02 00 08 99 02 00 08     ................
 800005c:	99 02 00 08 99 02 00 08 00 00 00 00 00 00 00 00     ................
 800006c:	00 00 00 00 99 02 00 08 00 00 00 00 99 02 00 08     ................
 800007c:	99 02 00 08 99 02 00 08 99 02 00 08 99 02 00 08     ................
 800008c:	99 02 00 08 99 02 00 08 99 02 00 08 99 02 00 08     ................
 800009c:	99 02 00 08 99 02 00 08 99 02 00 08 99 02 00 08     ................
 80000ac:	99 02 00 08 99 02 00 08 99 02 00 08 99 02 00 08     ................
 80000bc:	99 02 00 08 99 02 00 08 99 02 00 08 99 02 00 08     ................
 80000cc:	99 02 00 08 99 02 00 08 99 02 00 08 99 02 00 08     ................
 80000dc:	99 02 00 08 99 02 00 08 99 02 00 08 99 02 00 08     ................
 80000ec:	99 02 00 08 99 02 00 08 99 02 00 08 99 02 00 08     ................
 80000fc:	99 02 00 08 99 02 00 08 99 02 00 08 99 02 00 08     ................
 800010c:	99 02 00 08 99 02 00 08 99 02 00 08 99 02 00 08     ................
 800011c:	99 02 00 08 99 02 00 08 99 02 00 08 99 02 00 08     ................
 800012c:	99 02 00 08 99 02 00 08 99 02 00 08 99 02 00 08     ................
 800013c:	99 02 00 08 99 02 00 08 99 02 00 08 99 02 00 08     ................
 800014c:	99 02 00 08 99 02 00 08 99 02 00 08 99 02 00 08     ................
 800015c:	99 02 00 08 00 00 00 00 00 00 00 00 00 00 00 00     ................
 800016c:	00 00 00 00 99 02 00 08 99 02 00 08 99 02 00 08     ................
 800017c:	99 02 00 08 99 02 00 08 99 02 00 08 99 02 00 08     ................
 800018c:	99 02 00 08 99 02 00 08 99 02 00 08 99 02 00 08     ................
 800019c:	99 02 00 08 99 02 00 08 99 02 00 08 99 02 00 08     ................
 80001ac:	99 02 00 08 99 02 00 08 99 02 00 08 99 02 00 08     ................
 80001bc:	99 02 00 08 99 02 00 08 99 02 00 08 99 02 00 08     ................
 80001cc:	99 02 00 08 99 02 00 08 99 02 00 08 99 02 00 08     ................
 80001dc:	00 00 00 00 99 02 00 08 99 02 00 08 99 02 00 08     ................
 80001ec:	99 02 00 08 99 02 00 08 00 00 00 00 99 02 00 08     ................
 80001fc:	00 00 00 00                                         ....

08000200 <Reset_Handler>:
/* Reset Handler */
    .thumb_func
    .globl  Reset_Handler
    .type   Reset_Handler, %function
Reset_Handler:
    ldr sp,=__initial_sp
 8000200:	f8df d074 	ldr.w	sp, [pc, #116]	; 8000278 <__zero_table_end__>

#ifndef __SKIP_SYSTEM_INIT
    ldr  r0, =SystemInit
 8000204:	481d      	ldr	r0, [pc, #116]	; (800027c <__zero_table_end__+0x4>)
    blx  r0
 8000206:	4780      	blx	r0
 *    offset 4: VMA of start of a section to copy to
 *    offset 8: size of the section to copy. Must be multiply of 4
 *
 *  All addresses must be aligned to 4 bytes boundary.
 */
	ldr	r4, =__copy_table_start__
 8000208:	4c1d      	ldr	r4, [pc, #116]	; (8000280 <__zero_table_end__+0x8>)
	ldr	r5, =__copy_table_end__
 800020a:	4d1e      	ldr	r5, [pc, #120]	; (8000284 <__zero_table_end__+0xc>)

.L_loop0:
	cmp	r4, r5
 800020c:	42ac      	cmp	r4, r5
	bge	.L_loop0_done
 800020e:	da09      	bge.n	8000224 <Reset_Handler+0x24>
	ldr	r1, [r4]
 8000210:	6821      	ldr	r1, [r4, #0]
	ldr	r2, [r4, #4]
 8000212:	6862      	ldr	r2, [r4, #4]
	ldr	r3, [r4, #8]
 8000214:	68a3      	ldr	r3, [r4, #8]

.L_loop0_0:
	subs	r3, #4
 8000216:	3b04      	subs	r3, #4
	ittt	ge
 8000218:	bfa2      	ittt	ge
	ldrge	r0, [r1, r3]
 800021a:	58c8      	ldrge	r0, [r1, r3]
	strge	r0, [r2, r3]
 800021c:	50d0      	strge	r0, [r2, r3]
	bge	.L_loop0_0
 800021e:	e7fa      	bge.n	8000216 <Reset_Handler+0x16>

	adds	r4, #12
 8000220:	340c      	adds	r4, #12
	b	.L_loop0
 8000222:	e7f3      	b.n	800020c <Reset_Handler+0xc>
 *    offset 4: Size of this BSS section. Must be multiply of 4
 *
 *  Define __SKIP_BSS_CLEAR to disable zeroing uninitialzed data in startup.
 */    
#ifndef __SKIP_BSS_CLEAR
	ldr	r3, =__zero_table_start__
 8000224:	4b18      	ldr	r3, [pc, #96]	; (8000288 <__zero_table_end__+0x10>)
	ldr	r4, =__zero_table_end__
 8000226:	4c19      	ldr	r4, [pc, #100]	; (800028c <__zero_table_end__+0x14>)

.L_loop2:
	cmp	r3, r4
 8000228:	42a3      	cmp	r3, r4
	bge	.L_loop2_done
 800022a:	da08      	bge.n	800023e <Reset_Handler+0x3e>
	ldr	r1, [r3]
 800022c:	6819      	ldr	r1, [r3, #0]
	ldr	r2, [r3, #4]
 800022e:	685a      	ldr	r2, [r3, #4]
	movs	r0, 0
 8000230:	2000      	movs	r0, #0

.L_loop2_0:
	subs	r2, #4
 8000232:	3a04      	subs	r2, #4
	itt	ge
 8000234:	bfa4      	itt	ge
	strge	r0, [r1, r2]
 8000236:	5088      	strge	r0, [r1, r2]
	bge	.L_loop2_0
 8000238:	e7fb      	bge.n	8000232 <Reset_Handler+0x32>

	adds	r3, #8
 800023a:	3308      	adds	r3, #8
	b	.L_loop2
 800023c:	e7f4      	b.n	8000228 <Reset_Handler+0x28>
.L_loop2_done:    
#endif /* __SKIP_BSS_CLEAR */
   
#ifndef __SKIP_LIBC_INIT_ARRAY
    ldr  r0, =__libc_init_array
 800023e:	4814      	ldr	r0, [pc, #80]	; (8000290 <__zero_table_end__+0x18>)
    blx  r0
 8000240:	4780      	blx	r0
#endif

    ldr  r0, =main
 8000242:	4814      	ldr	r0, [pc, #80]	; (8000294 <__zero_table_end__+0x1c>)
    blx  r0
 8000244:	4780      	blx	r0
	...

08000248 <__copy_table_start__>:
 8000248:	0c0009bc 	.word	0x0c0009bc
 800024c:	1ffe8800 	.word	0x1ffe8800
 8000250:	00000000 	.word	0x00000000
 8000254:	0c0009bc 	.word	0x0c0009bc
 8000258:	1ffe8800 	.word	0x1ffe8800
 800025c:	00000000 	.word	0x00000000

08000260 <__copy_table_end__>:
 8000260:	1ffe8800 	.word	0x1ffe8800
 8000264:	00000000 	.word	0x00000000
 8000268:	20000000 	.word	0x20000000
 800026c:	00000000 	.word	0x00000000
 8000270:	20000000 	.word	0x20000000
 8000274:	00000000 	.word	0x00000000

08000278 <__zero_table_end__>:
/* Reset Handler */
    .thumb_func
    .globl  Reset_Handler
    .type   Reset_Handler, %function
Reset_Handler:
    ldr sp,=__initial_sp
 8000278:	1ffe8800 	.word	0x1ffe8800

#ifndef __SKIP_SYSTEM_INIT
    ldr  r0, =SystemInit
 800027c:	080002c5 	.word	0x080002c5
 *    offset 4: VMA of start of a section to copy to
 *    offset 8: size of the section to copy. Must be multiply of 4
 *
 *  All addresses must be aligned to 4 bytes boundary.
 */
	ldr	r4, =__copy_table_start__
 8000280:	08000248 	.word	0x08000248
	ldr	r5, =__copy_table_end__
 8000284:	08000260 	.word	0x08000260
 *    offset 4: Size of this BSS section. Must be multiply of 4
 *
 *  Define __SKIP_BSS_CLEAR to disable zeroing uninitialzed data in startup.
 */    
#ifndef __SKIP_BSS_CLEAR
	ldr	r3, =__zero_table_start__
 8000288:	08000260 	.word	0x08000260
	ldr	r4, =__zero_table_end__
 800028c:	08000278 	.word	0x08000278
	b	.L_loop2
.L_loop2_done:    
#endif /* __SKIP_BSS_CLEAR */
   
#ifndef __SKIP_LIBC_INIT_ARRAY
    ldr  r0, =__libc_init_array
 8000290:	0800095d 	.word	0x0800095d
    blx  r0
#endif

    ldr  r0, =main
 8000294:	080008dd 	.word	0x080008dd

08000298 <BusFault_Handler>:
	.align	1
    .thumb_func
    .weak Default_Handler
    .type Default_Handler, %function
Default_Handler:
    b .
 8000298:	e7fe      	b.n	8000298 <BusFault_Handler>
	...

0800029c <delay>:

/*******************************************************************************
 * LOCAL FUNCTIONS
 *******************************************************************************/
static void delay(uint32_t cycles)
{
 800029c:	b480      	push	{r7}
 800029e:	b085      	sub	sp, #20
 80002a0:	af00      	add	r7, sp, #0
 80002a2:	6078      	str	r0, [r7, #4]
  volatile uint32_t i;

  for(i = 0UL; i < cycles ;++i)
 80002a4:	2300      	movs	r3, #0
 80002a6:	60fb      	str	r3, [r7, #12]
 80002a8:	e003      	b.n	80002b2 <delay+0x16>
  {
    __NOP();
 80002aa:	bf00      	nop
 *******************************************************************************/
static void delay(uint32_t cycles)
{
  volatile uint32_t i;

  for(i = 0UL; i < cycles ;++i)
 80002ac:	68fb      	ldr	r3, [r7, #12]
 80002ae:	3301      	adds	r3, #1
 80002b0:	60fb      	str	r3, [r7, #12]
 80002b2:	68fa      	ldr	r2, [r7, #12]
 80002b4:	687b      	ldr	r3, [r7, #4]
 80002b6:	429a      	cmp	r2, r3
 80002b8:	d3f7      	bcc.n	80002aa <delay+0xe>
  {
    __NOP();
  }
}
 80002ba:	3714      	adds	r7, #20
 80002bc:	46bd      	mov	sp, r7
 80002be:	f85d 7b04 	ldr.w	r7, [sp], #4
 80002c2:	4770      	bx	lr

080002c4 <SystemInit>:
/*******************************************************************************
 * API IMPLEMENTATION
 *******************************************************************************/

__WEAK void SystemInit(void)
{
 80002c4:	b598      	push	{r3, r4, r7, lr}
 80002c6:	af00      	add	r7, sp, #0
  memcpy(g_chipid, CHIPID_LOC, 16);
 80002c8:	4a05      	ldr	r2, [pc, #20]	; (80002e0 <SystemInit+0x1c>)
 80002ca:	f04f 5300 	mov.w	r3, #536870912	; 0x20000000
 80002ce:	4614      	mov	r4, r2
 80002d0:	cb0f      	ldmia	r3, {r0, r1, r2, r3}
 80002d2:	e884 000f 	stmia.w	r4, {r0, r1, r2, r3}
  
  SystemCoreSetup();
 80002d6:	f000 f805 	bl	80002e4 <SystemCoreSetup>
  SystemCoreClockSetup(); 
 80002da:	f000 f83b 	bl	8000354 <SystemCoreClockSetup>
}
 80002de:	bd98      	pop	{r3, r4, r7, pc}
 80002e0:	2003ffc4 	.word	0x2003ffc4

080002e4 <SystemCoreSetup>:

__WEAK void SystemCoreSetup(void)
{
 80002e4:	b480      	push	{r7}
 80002e6:	b083      	sub	sp, #12
 80002e8:	af00      	add	r7, sp, #0
  \details Disables IRQ interrupts by setting the I-bit in the CPSR.
           Can only be executed in Privileged modes.
 */
__STATIC_FORCEINLINE void __disable_irq(void)
{
  __ASM volatile ("cpsid i" : : : "memory");
 80002ea:	b672      	cpsid	i
  uint32_t temp;
	
  /* relocate vector table */
  __disable_irq();
  SCB->VTOR = (uint32_t)(&__Vectors);
 80002ec:	4b16      	ldr	r3, [pc, #88]	; (8000348 <SystemCoreSetup+0x64>)
 80002ee:	4a17      	ldr	r2, [pc, #92]	; (800034c <SystemCoreSetup+0x68>)
 80002f0:	609a      	str	r2, [r3, #8]
  \details Acts as a special kind of Data Memory Barrier.
           It completes when all explicit memory accesses before this instruction complete.
 */
__STATIC_FORCEINLINE void __DSB(void)
{
  __ASM volatile ("dsb 0xF":::"memory");
 80002f2:	f3bf 8f4f 	dsb	sy
  \details Enables IRQ interrupts by clearing the I-bit in the CPSR.
           Can only be executed in Privileged modes.
 */
__STATIC_FORCEINLINE void __enable_irq(void)
{
  __ASM volatile ("cpsie i" : : : "memory");
 80002f6:	b662      	cpsie	i
  /* __FPU_USED value depends on compiler/linker options. */
  /* __FPU_USED = 0 if -mfloat-abi=soft is selected */
  /* __FPU_USED = 1 if -mfloat-abi=softfp or –mfloat-abi=hard */

#if ((__FPU_PRESENT == 1) && (__FPU_USED == 1))
  SCB->CPACR |= ((3UL << 10*2) |                 /* set CP10 Full Access */
 80002f8:	4a13      	ldr	r2, [pc, #76]	; (8000348 <SystemCoreSetup+0x64>)
 80002fa:	4b13      	ldr	r3, [pc, #76]	; (8000348 <SystemCoreSetup+0x64>)
 80002fc:	f8d3 3088 	ldr.w	r3, [r3, #136]	; 0x88
 8000300:	f443 0370 	orr.w	r3, r3, #15728640	; 0xf00000
 8000304:	f8c2 3088 	str.w	r3, [r2, #136]	; 0x88
#else
  SCB->CPACR = 0;
#endif

  /* Enable unaligned memory access - SCB_CCR.UNALIGN_TRP = 0 */
  SCB->CCR &= ~(SCB_CCR_UNALIGN_TRP_Msk);
 8000308:	4a0f      	ldr	r2, [pc, #60]	; (8000348 <SystemCoreSetup+0x64>)
 800030a:	4b0f      	ldr	r3, [pc, #60]	; (8000348 <SystemCoreSetup+0x64>)
 800030c:	695b      	ldr	r3, [r3, #20]
 800030e:	f023 0308 	bic.w	r3, r3, #8
 8000312:	6153      	str	r3, [r2, #20]

  temp = FLASH0->FCON;
 8000314:	4b0e      	ldr	r3, [pc, #56]	; (8000350 <SystemCoreSetup+0x6c>)
 8000316:	f503 5380 	add.w	r3, r3, #4096	; 0x1000
 800031a:	3314      	adds	r3, #20
 800031c:	681b      	ldr	r3, [r3, #0]
 800031e:	607b      	str	r3, [r7, #4]
  temp &= ~FLASH_FCON_WSPFLASH_Msk;
 8000320:	687b      	ldr	r3, [r7, #4]
 8000322:	f023 030f 	bic.w	r3, r3, #15
 8000326:	607b      	str	r3, [r7, #4]
  temp |= PMU_FLASH_WS;
 8000328:	687b      	ldr	r3, [r7, #4]
 800032a:	f043 0304 	orr.w	r3, r3, #4
 800032e:	607b      	str	r3, [r7, #4]
  FLASH0->FCON = temp;
 8000330:	4b07      	ldr	r3, [pc, #28]	; (8000350 <SystemCoreSetup+0x6c>)
 8000332:	f503 5380 	add.w	r3, r3, #4096	; 0x1000
 8000336:	3314      	adds	r3, #20
 8000338:	687a      	ldr	r2, [r7, #4]
 800033a:	601a      	str	r2, [r3, #0]
}
 800033c:	370c      	adds	r7, #12
 800033e:	46bd      	mov	sp, r7
 8000340:	f85d 7b04 	ldr.w	r7, [sp], #4
 8000344:	4770      	bx	lr
 8000346:	bf00      	nop
 8000348:	e000ed00 	.word	0xe000ed00
 800034c:	08000000 	.word	0x08000000
 8000350:	58001000 	.word	0x58001000

08000354 <SystemCoreClockSetup>:

__WEAK void SystemCoreClockSetup(void)
{
 8000354:	b580      	push	{r7, lr}
 8000356:	af00      	add	r7, sp, #0
#else
  /* Automatic calibration uses the fSTDBY */

  /* Enable HIB domain */
  /* Power up HIB domain if and only if it is currently powered down */
  if((SCU_POWER->PWRSTAT & SCU_POWER_PWRSTAT_HIBEN_Msk) == 0)
 8000358:	4b85      	ldr	r3, [pc, #532]	; (8000570 <SystemCoreClockSetup+0x21c>)
 800035a:	681b      	ldr	r3, [r3, #0]
 800035c:	f003 0301 	and.w	r3, r3, #1
 8000360:	2b00      	cmp	r3, #0
 8000362:	d10c      	bne.n	800037e <SystemCoreClockSetup+0x2a>
  {
    SCU_POWER->PWRSET |= SCU_POWER_PWRSET_HIB_Msk;
 8000364:	4a82      	ldr	r2, [pc, #520]	; (8000570 <SystemCoreClockSetup+0x21c>)
 8000366:	4b82      	ldr	r3, [pc, #520]	; (8000570 <SystemCoreClockSetup+0x21c>)
 8000368:	685b      	ldr	r3, [r3, #4]
 800036a:	f043 0301 	orr.w	r3, r3, #1
 800036e:	6053      	str	r3, [r2, #4]

    while((SCU_POWER->PWRSTAT & SCU_POWER_PWRSTAT_HIBEN_Msk) == 0)
 8000370:	bf00      	nop
 8000372:	4b7f      	ldr	r3, [pc, #508]	; (8000570 <SystemCoreClockSetup+0x21c>)
 8000374:	681b      	ldr	r3, [r3, #0]
 8000376:	f003 0301 	and.w	r3, r3, #1
 800037a:	2b00      	cmp	r3, #0
 800037c:	d0f9      	beq.n	8000372 <SystemCoreClockSetup+0x1e>
      /* wait until HIB domain is enabled */
    }
  }

  /* Remove the reset only if HIB domain were in a state of reset */
  if((SCU_RESET->RSTSTAT) & SCU_RESET_RSTSTAT_HIBRS_Msk)
 800037e:	4b7d      	ldr	r3, [pc, #500]	; (8000574 <SystemCoreClockSetup+0x220>)
 8000380:	681b      	ldr	r3, [r3, #0]
 8000382:	f403 7300 	and.w	r3, r3, #512	; 0x200
 8000386:	2b00      	cmp	r3, #0
 8000388:	d009      	beq.n	800039e <SystemCoreClockSetup+0x4a>
  {
    SCU_RESET->RSTCLR |= SCU_RESET_RSTCLR_HIBRS_Msk;
 800038a:	4a7a      	ldr	r2, [pc, #488]	; (8000574 <SystemCoreClockSetup+0x220>)
 800038c:	4b79      	ldr	r3, [pc, #484]	; (8000574 <SystemCoreClockSetup+0x220>)
 800038e:	689b      	ldr	r3, [r3, #8]
 8000390:	f443 7300 	orr.w	r3, r3, #512	; 0x200
 8000394:	6093      	str	r3, [r2, #8]
    delay(DELAY_CNT_150US_50MHZ);
 8000396:	f641 504c 	movw	r0, #7500	; 0x1d4c
 800039a:	f7ff ff7f 	bl	800029c <delay>
  }
  SCU_HIBERNATE->HDCR |= SCU_HIBERNATE_HDCR_RCS_Msk | SCU_HIBERNATE_HDCR_STDBYSEL_Msk;
#endif /* STDBY_CLOCK_SRC == STDBY_CLOCK_SRC_OSCULP */

  /* Enable automatic calibration of internal fast oscillator */
  SCU_PLL->PLLCON0 |= SCU_PLL_PLLCON0_AOTREN_Msk;
 800039e:	4a76      	ldr	r2, [pc, #472]	; (8000578 <SystemCoreClockSetup+0x224>)
 80003a0:	4b75      	ldr	r3, [pc, #468]	; (8000578 <SystemCoreClockSetup+0x224>)
 80003a2:	685b      	ldr	r3, [r3, #4]
 80003a4:	f443 2300 	orr.w	r3, r3, #524288	; 0x80000
 80003a8:	6053      	str	r3, [r2, #4]
#endif /* FOFI_CALIBRATION_MODE == FOFI_CALIBRATION_MODE_AUTOMATIC */

  delay(DELAY_CNT_50US_50MHZ);
 80003aa:	f640 10c4 	movw	r0, #2500	; 0x9c4
 80003ae:	f7ff ff75 	bl	800029c <delay>

#if ENABLE_PLL

  /* enable PLL */
  SCU_PLL->PLLCON0 &= ~(SCU_PLL_PLLCON0_VCOPWD_Msk | SCU_PLL_PLLCON0_PLLPWD_Msk);
 80003b2:	4a71      	ldr	r2, [pc, #452]	; (8000578 <SystemCoreClockSetup+0x224>)
 80003b4:	4b70      	ldr	r3, [pc, #448]	; (8000578 <SystemCoreClockSetup+0x224>)
 80003b6:	685b      	ldr	r3, [r3, #4]
 80003b8:	f423 3380 	bic.w	r3, r3, #65536	; 0x10000
 80003bc:	f023 0302 	bic.w	r3, r3, #2
 80003c0:	6053      	str	r3, [r2, #4]

#if PLL_CLOCK_SRC != PLL_CLOCK_SRC_OFI
  /* enable OSC_HP */
  if ((SCU_OSC->OSCHPCTRL & SCU_OSC_OSCHPCTRL_MODE_Msk) != 0U)
 80003c2:	4b6e      	ldr	r3, [pc, #440]	; (800057c <SystemCoreClockSetup+0x228>)
 80003c4:	685b      	ldr	r3, [r3, #4]
 80003c6:	f003 0330 	and.w	r3, r3, #48	; 0x30
 80003ca:	2b00      	cmp	r3, #0
 80003cc:	d026      	beq.n	800041c <SystemCoreClockSetup+0xc8>
  {
    SCU_OSC->OSCHPCTRL &= ~(SCU_OSC_OSCHPCTRL_MODE_Msk | SCU_OSC_OSCHPCTRL_OSCVAL_Msk);
 80003ce:	4a6b      	ldr	r2, [pc, #428]	; (800057c <SystemCoreClockSetup+0x228>)
 80003d0:	4b6a      	ldr	r3, [pc, #424]	; (800057c <SystemCoreClockSetup+0x228>)
 80003d2:	685b      	ldr	r3, [r3, #4]
 80003d4:	f423 2370 	bic.w	r3, r3, #983040	; 0xf0000
 80003d8:	f023 0330 	bic.w	r3, r3, #48	; 0x30
 80003dc:	6053      	str	r3, [r2, #4]
    SCU_OSC->OSCHPCTRL |= ((OSCHP_GetFrequency() / FOSCREF) - 1UL) << SCU_OSC_OSCHPCTRL_OSCVAL_Pos;
 80003de:	f000 f94f 	bl	8000680 <OSCHP_GetFrequency>
 80003e2:	4602      	mov	r2, r0
 80003e4:	4b66      	ldr	r3, [pc, #408]	; (8000580 <SystemCoreClockSetup+0x22c>)
 80003e6:	fba3 2302 	umull	r2, r3, r3, r2
 80003ea:	0d1b      	lsrs	r3, r3, #20
 80003ec:	3b01      	subs	r3, #1
 80003ee:	041b      	lsls	r3, r3, #16
 80003f0:	4962      	ldr	r1, [pc, #392]	; (800057c <SystemCoreClockSetup+0x228>)
 80003f2:	4a62      	ldr	r2, [pc, #392]	; (800057c <SystemCoreClockSetup+0x228>)
 80003f4:	6852      	ldr	r2, [r2, #4]
 80003f6:	4313      	orrs	r3, r2
 80003f8:	604b      	str	r3, [r1, #4]

    /* select OSC_HP clock as PLL input */
    SCU_PLL->PLLCON2 = 0;
 80003fa:	4b5f      	ldr	r3, [pc, #380]	; (8000578 <SystemCoreClockSetup+0x224>)
 80003fc:	2200      	movs	r2, #0
 80003fe:	60da      	str	r2, [r3, #12]

    /* restart OSC Watchdog */
    SCU_PLL->PLLCON0 &= ~SCU_PLL_PLLCON0_OSCRES_Msk;
 8000400:	4a5d      	ldr	r2, [pc, #372]	; (8000578 <SystemCoreClockSetup+0x224>)
 8000402:	4b5d      	ldr	r3, [pc, #372]	; (8000578 <SystemCoreClockSetup+0x224>)
 8000404:	685b      	ldr	r3, [r3, #4]
 8000406:	f423 3300 	bic.w	r3, r3, #131072	; 0x20000
 800040a:	6053      	str	r3, [r2, #4]

    while ((SCU_PLL->PLLSTAT & SCU_PLL_PLLSTAT_OSC_USABLE) != SCU_PLL_PLLSTAT_OSC_USABLE)
 800040c:	bf00      	nop
 800040e:	4b5a      	ldr	r3, [pc, #360]	; (8000578 <SystemCoreClockSetup+0x224>)
 8000410:	681b      	ldr	r3, [r3, #0]
 8000412:	f403 7360 	and.w	r3, r3, #896	; 0x380
 8000416:	f5b3 7f60 	cmp.w	r3, #896	; 0x380
 800041a:	d1f8      	bne.n	800040e <SystemCoreClockSetup+0xba>
  /* select backup clock as PLL input */
  SCU_PLL->PLLCON2 = SCU_PLL_PLLCON2_PINSEL_Msk | SCU_PLL_PLLCON2_K1INSEL_Msk;
#endif

  /* Go to bypass the Main PLL */
  SCU_PLL->PLLCON0 |= SCU_PLL_PLLCON0_VCOBYP_Msk;
 800041c:	4a56      	ldr	r2, [pc, #344]	; (8000578 <SystemCoreClockSetup+0x224>)
 800041e:	4b56      	ldr	r3, [pc, #344]	; (8000578 <SystemCoreClockSetup+0x224>)
 8000420:	685b      	ldr	r3, [r3, #4]
 8000422:	f043 0301 	orr.w	r3, r3, #1
 8000426:	6053      	str	r3, [r2, #4]
  while ((SCU_PLL->PLLSTAT & SCU_PLL_PLLSTAT_VCOBYST_Msk) == 0U)
 8000428:	bf00      	nop
 800042a:	4b53      	ldr	r3, [pc, #332]	; (8000578 <SystemCoreClockSetup+0x224>)
 800042c:	681b      	ldr	r3, [r3, #0]
 800042e:	f003 0301 	and.w	r3, r3, #1
 8000432:	2b00      	cmp	r3, #0
 8000434:	d0f9      	beq.n	800042a <SystemCoreClockSetup+0xd6>
  {
    /* wait for prescaler mode */
  }

  /* disconnect Oscillator from PLL */
  SCU_PLL->PLLCON0 |= SCU_PLL_PLLCON0_FINDIS_Msk;
 8000436:	4a50      	ldr	r2, [pc, #320]	; (8000578 <SystemCoreClockSetup+0x224>)
 8000438:	4b4f      	ldr	r3, [pc, #316]	; (8000578 <SystemCoreClockSetup+0x224>)
 800043a:	685b      	ldr	r3, [r3, #4]
 800043c:	f043 0310 	orr.w	r3, r3, #16
 8000440:	6053      	str	r3, [r2, #4]

  /* Setup divider settings for main PLL */
  SCU_PLL->PLLCON1 = ((PLL_NDIV << SCU_PLL_PLLCON1_NDIV_Pos) |
 8000442:	4b4d      	ldr	r3, [pc, #308]	; (8000578 <SystemCoreClockSetup+0x224>)
 8000444:	4a4f      	ldr	r2, [pc, #316]	; (8000584 <SystemCoreClockSetup+0x230>)
 8000446:	609a      	str	r2, [r3, #8]
                      (PLL_K2DIV_24MHZ << SCU_PLL_PLLCON1_K2DIV_Pos) |
                      (PLL_PDIV << SCU_PLL_PLLCON1_PDIV_Pos));

  /* Set OSCDISCDIS */
  SCU_PLL->PLLCON0 |= SCU_PLL_PLLCON0_OSCDISCDIS_Msk;
 8000448:	4a4b      	ldr	r2, [pc, #300]	; (8000578 <SystemCoreClockSetup+0x224>)
 800044a:	4b4b      	ldr	r3, [pc, #300]	; (8000578 <SystemCoreClockSetup+0x224>)
 800044c:	685b      	ldr	r3, [r3, #4]
 800044e:	f043 0340 	orr.w	r3, r3, #64	; 0x40
 8000452:	6053      	str	r3, [r2, #4]

  /* connect Oscillator to PLL */
  SCU_PLL->PLLCON0 &= ~SCU_PLL_PLLCON0_FINDIS_Msk;
 8000454:	4a48      	ldr	r2, [pc, #288]	; (8000578 <SystemCoreClockSetup+0x224>)
 8000456:	4b48      	ldr	r3, [pc, #288]	; (8000578 <SystemCoreClockSetup+0x224>)
 8000458:	685b      	ldr	r3, [r3, #4]
 800045a:	f023 0310 	bic.w	r3, r3, #16
 800045e:	6053      	str	r3, [r2, #4]

  /* restart PLL Lock detection */
  SCU_PLL->PLLCON0 |= SCU_PLL_PLLCON0_RESLD_Msk;
 8000460:	4a45      	ldr	r2, [pc, #276]	; (8000578 <SystemCoreClockSetup+0x224>)
 8000462:	4b45      	ldr	r3, [pc, #276]	; (8000578 <SystemCoreClockSetup+0x224>)
 8000464:	685b      	ldr	r3, [r3, #4]
 8000466:	f443 2380 	orr.w	r3, r3, #262144	; 0x40000
 800046a:	6053      	str	r3, [r2, #4]

  while ((SCU_PLL->PLLSTAT & SCU_PLL_PLLSTAT_VCOLOCK_Msk) == 0U)
 800046c:	bf00      	nop
 800046e:	4b42      	ldr	r3, [pc, #264]	; (8000578 <SystemCoreClockSetup+0x224>)
 8000470:	681b      	ldr	r3, [r3, #0]
 8000472:	f003 0304 	and.w	r3, r3, #4
 8000476:	2b00      	cmp	r3, #0
 8000478:	d0f9      	beq.n	800046e <SystemCoreClockSetup+0x11a>
  {
    /* wait for PLL Lock at 24MHz*/
  }

  /* Disable bypass- put PLL clock back */
  SCU_PLL->PLLCON0 &= ~SCU_PLL_PLLCON0_VCOBYP_Msk;
 800047a:	4a3f      	ldr	r2, [pc, #252]	; (8000578 <SystemCoreClockSetup+0x224>)
 800047c:	4b3e      	ldr	r3, [pc, #248]	; (8000578 <SystemCoreClockSetup+0x224>)
 800047e:	685b      	ldr	r3, [r3, #4]
 8000480:	f023 0301 	bic.w	r3, r3, #1
 8000484:	6053      	str	r3, [r2, #4]
  while ((SCU_PLL->PLLSTAT & SCU_PLL_PLLSTAT_VCOBYST_Msk) != 0U)
 8000486:	bf00      	nop
 8000488:	4b3b      	ldr	r3, [pc, #236]	; (8000578 <SystemCoreClockSetup+0x224>)
 800048a:	681b      	ldr	r3, [r3, #0]
 800048c:	f003 0301 	and.w	r3, r3, #1
 8000490:	2b00      	cmp	r3, #0
 8000492:	d1f9      	bne.n	8000488 <SystemCoreClockSetup+0x134>
    /* wait for normal mode */
  } 
#endif /* ENABLE_PLL */

  /* Before scaling to final frequency we need to setup the clock dividers */
  SCU_CLK->SYSCLKCR = __SYSCLKCR;
 8000494:	4b3c      	ldr	r3, [pc, #240]	; (8000588 <SystemCoreClockSetup+0x234>)
 8000496:	f04f 1201 	mov.w	r2, #65537	; 0x10001
 800049a:	60da      	str	r2, [r3, #12]
  SCU_CLK->PBCLKCR = __PBCLKCR;
 800049c:	4b3a      	ldr	r3, [pc, #232]	; (8000588 <SystemCoreClockSetup+0x234>)
 800049e:	2200      	movs	r2, #0
 80004a0:	615a      	str	r2, [r3, #20]
  SCU_CLK->CPUCLKCR = __CPUCLKCR;
 80004a2:	4b39      	ldr	r3, [pc, #228]	; (8000588 <SystemCoreClockSetup+0x234>)
 80004a4:	2200      	movs	r2, #0
 80004a6:	611a      	str	r2, [r3, #16]
  SCU_CLK->CCUCLKCR = __CCUCLKCR;
 80004a8:	4b37      	ldr	r3, [pc, #220]	; (8000588 <SystemCoreClockSetup+0x234>)
 80004aa:	2200      	movs	r2, #0
 80004ac:	621a      	str	r2, [r3, #32]
  SCU_CLK->WDTCLKCR = __WDTCLKCR;
 80004ae:	4b36      	ldr	r3, [pc, #216]	; (8000588 <SystemCoreClockSetup+0x234>)
 80004b0:	2200      	movs	r2, #0
 80004b2:	625a      	str	r2, [r3, #36]	; 0x24
  SCU_CLK->EBUCLKCR = __EBUCLKCR;
 80004b4:	4b34      	ldr	r3, [pc, #208]	; (8000588 <SystemCoreClockSetup+0x234>)
 80004b6:	2203      	movs	r2, #3
 80004b8:	61da      	str	r2, [r3, #28]
  SCU_CLK->USBCLKCR = __USBCLKCR | USB_DIV;
 80004ba:	4b33      	ldr	r3, [pc, #204]	; (8000588 <SystemCoreClockSetup+0x234>)
 80004bc:	4a33      	ldr	r2, [pc, #204]	; (800058c <SystemCoreClockSetup+0x238>)
 80004be:	619a      	str	r2, [r3, #24]
  SCU_CLK->EXTCLKCR = __EXTCLKCR;
 80004c0:	4b31      	ldr	r3, [pc, #196]	; (8000588 <SystemCoreClockSetup+0x234>)
 80004c2:	4a33      	ldr	r2, [pc, #204]	; (8000590 <SystemCoreClockSetup+0x23c>)
 80004c4:	629a      	str	r2, [r3, #40]	; 0x28

#if ENABLE_PLL
  /* PLL frequency stepping...*/
  /* Reset OSCDISCDIS */
  SCU_PLL->PLLCON0 &= ~SCU_PLL_PLLCON0_OSCDISCDIS_Msk;
 80004c6:	4a2c      	ldr	r2, [pc, #176]	; (8000578 <SystemCoreClockSetup+0x224>)
 80004c8:	4b2b      	ldr	r3, [pc, #172]	; (8000578 <SystemCoreClockSetup+0x224>)
 80004ca:	685b      	ldr	r3, [r3, #4]
 80004cc:	f023 0340 	bic.w	r3, r3, #64	; 0x40
 80004d0:	6053      	str	r3, [r2, #4]
  
  SCU_PLL->PLLCON1 = ((PLL_NDIV << SCU_PLL_PLLCON1_NDIV_Pos) |
 80004d2:	4b29      	ldr	r3, [pc, #164]	; (8000578 <SystemCoreClockSetup+0x224>)
 80004d4:	4a2f      	ldr	r2, [pc, #188]	; (8000594 <SystemCoreClockSetup+0x240>)
 80004d6:	609a      	str	r2, [r3, #8]
	                  (PLL_K2DIV_48MHZ << SCU_PLL_PLLCON1_K2DIV_Pos) |
	                  (PLL_PDIV << SCU_PLL_PLLCON1_PDIV_Pos));

  while ((SCU_PLL->PLLSTAT & SCU_PLL_PLLSTAT_K2RDY_Msk) == 0U)
 80004d8:	bf00      	nop
 80004da:	4b27      	ldr	r3, [pc, #156]	; (8000578 <SystemCoreClockSetup+0x224>)
 80004dc:	681b      	ldr	r3, [r3, #0]
 80004de:	f003 0320 	and.w	r3, r3, #32
 80004e2:	2b00      	cmp	r3, #0
 80004e4:	d0f9      	beq.n	80004da <SystemCoreClockSetup+0x186>
  {
    /* wait until K2-divider operates on the configured value  */
  }

  delay(DELAY_CNT_50US_48MHZ);
 80004e6:	f44f 6016 	mov.w	r0, #2400	; 0x960
 80004ea:	f7ff fed7 	bl	800029c <delay>

  SCU_PLL->PLLCON1 = ((PLL_NDIV << SCU_PLL_PLLCON1_NDIV_Pos) |
 80004ee:	4b22      	ldr	r3, [pc, #136]	; (8000578 <SystemCoreClockSetup+0x224>)
 80004f0:	4a29      	ldr	r2, [pc, #164]	; (8000598 <SystemCoreClockSetup+0x244>)
 80004f2:	609a      	str	r2, [r3, #8]
	                  (PLL_K2DIV_72MHZ << SCU_PLL_PLLCON1_K2DIV_Pos) |
	                  (PLL_PDIV << SCU_PLL_PLLCON1_PDIV_Pos));

  while ((SCU_PLL->PLLSTAT & SCU_PLL_PLLSTAT_K2RDY_Msk) == 0U)
 80004f4:	bf00      	nop
 80004f6:	4b20      	ldr	r3, [pc, #128]	; (8000578 <SystemCoreClockSetup+0x224>)
 80004f8:	681b      	ldr	r3, [r3, #0]
 80004fa:	f003 0320 	and.w	r3, r3, #32
 80004fe:	2b00      	cmp	r3, #0
 8000500:	d0f9      	beq.n	80004f6 <SystemCoreClockSetup+0x1a2>
  {
    /* wait until K2-divider operates on the configured value  */
  }

  delay(DELAY_CNT_50US_72MHZ);
 8000502:	f44f 6061 	mov.w	r0, #3600	; 0xe10
 8000506:	f7ff fec9 	bl	800029c <delay>

  SCU_PLL->PLLCON1 = ((PLL_NDIV << SCU_PLL_PLLCON1_NDIV_Pos) |
 800050a:	4b1b      	ldr	r3, [pc, #108]	; (8000578 <SystemCoreClockSetup+0x224>)
 800050c:	4a23      	ldr	r2, [pc, #140]	; (800059c <SystemCoreClockSetup+0x248>)
 800050e:	609a      	str	r2, [r3, #8]
	                  (PLL_K2DIV_96MHZ << SCU_PLL_PLLCON1_K2DIV_Pos) |
	                  (PLL_PDIV << SCU_PLL_PLLCON1_PDIV_Pos));

  while ((SCU_PLL->PLLSTAT & SCU_PLL_PLLSTAT_K2RDY_Msk) == 0U)
 8000510:	bf00      	nop
 8000512:	4b19      	ldr	r3, [pc, #100]	; (8000578 <SystemCoreClockSetup+0x224>)
 8000514:	681b      	ldr	r3, [r3, #0]
 8000516:	f003 0320 	and.w	r3, r3, #32
 800051a:	2b00      	cmp	r3, #0
 800051c:	d0f9      	beq.n	8000512 <SystemCoreClockSetup+0x1be>
  {
    /* wait until K2-divider operates on the configured value  */
  }

  delay(DELAY_CNT_50US_96MHZ);
 800051e:	f44f 5096 	mov.w	r0, #4800	; 0x12c0
 8000522:	f7ff febb 	bl	800029c <delay>

  SCU_PLL->PLLCON1 = ((PLL_NDIV << SCU_PLL_PLLCON1_NDIV_Pos) |
 8000526:	4b14      	ldr	r3, [pc, #80]	; (8000578 <SystemCoreClockSetup+0x224>)
 8000528:	4a1d      	ldr	r2, [pc, #116]	; (80005a0 <SystemCoreClockSetup+0x24c>)
 800052a:	609a      	str	r2, [r3, #8]
	                  (PLL_K2DIV_120MHZ << SCU_PLL_PLLCON1_K2DIV_Pos) |
	                  (PLL_PDIV << SCU_PLL_PLLCON1_PDIV_Pos));

  while ((SCU_PLL->PLLSTAT & SCU_PLL_PLLSTAT_K2RDY_Msk) == 0U)
 800052c:	bf00      	nop
 800052e:	4b12      	ldr	r3, [pc, #72]	; (8000578 <SystemCoreClockSetup+0x224>)
 8000530:	681b      	ldr	r3, [r3, #0]
 8000532:	f003 0320 	and.w	r3, r3, #32
 8000536:	2b00      	cmp	r3, #0
 8000538:	d0f9      	beq.n	800052e <SystemCoreClockSetup+0x1da>
  {
    /* wait until K2-divider operates on the configured value  */
  }

  delay(DELAY_CNT_50US_120MHZ);
 800053a:	f241 7070 	movw	r0, #6000	; 0x1770
 800053e:	f7ff fead 	bl	800029c <delay>

  SCU_PLL->PLLCON1 = ((PLL_NDIV << SCU_PLL_PLLCON1_NDIV_Pos) |
 8000542:	4b0d      	ldr	r3, [pc, #52]	; (8000578 <SystemCoreClockSetup+0x224>)
 8000544:	4a17      	ldr	r2, [pc, #92]	; (80005a4 <SystemCoreClockSetup+0x250>)
 8000546:	609a      	str	r2, [r3, #8]
	                  (PLL_K2DIV << SCU_PLL_PLLCON1_K2DIV_Pos) |
	                  (PLL_PDIV << SCU_PLL_PLLCON1_PDIV_Pos));

  while ((SCU_PLL->PLLSTAT & SCU_PLL_PLLSTAT_K2RDY_Msk) == 0U)
 8000548:	bf00      	nop
 800054a:	4b0b      	ldr	r3, [pc, #44]	; (8000578 <SystemCoreClockSetup+0x224>)
 800054c:	681b      	ldr	r3, [r3, #0]
 800054e:	f003 0320 	and.w	r3, r3, #32
 8000552:	2b00      	cmp	r3, #0
 8000554:	d0f9      	beq.n	800054a <SystemCoreClockSetup+0x1f6>
  {
    /* wait until K2-divider operates on the configured value  */
  }

  delay(DELAY_CNT_50US_144MHZ);
 8000556:	f44f 50e1 	mov.w	r0, #7200	; 0x1c20
 800055a:	f7ff fe9f 	bl	800029c <delay>
  
  SCU_TRAP->TRAPCLR = SCU_TRAP_TRAPCLR_SOSCWDGT_Msk | SCU_TRAP_TRAPCLR_SVCOLCKT_Msk;
 800055e:	4b12      	ldr	r3, [pc, #72]	; (80005a8 <SystemCoreClockSetup+0x254>)
 8000560:	2205      	movs	r2, #5
 8000562:	60da      	str	r2, [r3, #12]
  SCU_TRAP->TRAPCLR = SCU_TRAP_TRAPCLR_UVCOLCKT_Msk;
#endif


  /* Enable selected clocks */
  SCU_CLK->CLKSET = __CLKSET;
 8000564:	4b08      	ldr	r3, [pc, #32]	; (8000588 <SystemCoreClockSetup+0x234>)
 8000566:	2200      	movs	r2, #0
 8000568:	605a      	str	r2, [r3, #4]
  PORT0->PDR1 &= ~PORT0_PDR1_PD8_Msk;
  PORT0->IOCR8 = (PORT0->IOCR8 & ~PORT0_IOCR8_PC8_Msk) | (0x11U << PORT0_IOCR8_PC8_Pos);
#endif
#endif  /* ENABLE_EXTCLK == 1  */

  SystemCoreClockUpdate();
 800056a:	f000 f81f 	bl	80005ac <SystemCoreClockUpdate>
}
 800056e:	bd80      	pop	{r7, pc}
 8000570:	50004200 	.word	0x50004200
 8000574:	50004400 	.word	0x50004400
 8000578:	50004710 	.word	0x50004710
 800057c:	50004700 	.word	0x50004700
 8000580:	6b5fca6b 	.word	0x6b5fca6b
 8000584:	010b2f00 	.word	0x010b2f00
 8000588:	50004600 	.word	0x50004600
 800058c:	00010005 	.word	0x00010005
 8000590:	01200003 	.word	0x01200003
 8000594:	01052f00 	.word	0x01052f00
 8000598:	01032f00 	.word	0x01032f00
 800059c:	01022f00 	.word	0x01022f00
 80005a0:	01012f00 	.word	0x01012f00
 80005a4:	01002f00 	.word	0x01002f00
 80005a8:	50004160 	.word	0x50004160

080005ac <SystemCoreClockUpdate>:

__WEAK void SystemCoreClockUpdate(void)
{
 80005ac:	b580      	push	{r7, lr}
 80005ae:	b084      	sub	sp, #16
 80005b0:	af00      	add	r7, sp, #0
  uint32_t pdiv;
  uint32_t ndiv;
  uint32_t kdiv;
  uint32_t temp;

  if (SCU_CLK->SYSCLKCR & SCU_CLK_SYSCLKCR_SYSSEL_Msk)
 80005b2:	4b2f      	ldr	r3, [pc, #188]	; (8000670 <SystemCoreClockUpdate+0xc4>)
 80005b4:	68db      	ldr	r3, [r3, #12]
 80005b6:	f403 3380 	and.w	r3, r3, #65536	; 0x10000
 80005ba:	2b00      	cmp	r3, #0
 80005bc:	d03e      	beq.n	800063c <SystemCoreClockUpdate+0x90>
  {
    /* fPLL is clock source for fSYS */
    if(SCU_PLL->PLLCON2 & SCU_PLL_PLLCON2_PINSEL_Msk)
 80005be:	4b2d      	ldr	r3, [pc, #180]	; (8000674 <SystemCoreClockUpdate+0xc8>)
 80005c0:	68db      	ldr	r3, [r3, #12]
 80005c2:	f003 0301 	and.w	r3, r3, #1
 80005c6:	2b00      	cmp	r3, #0
 80005c8:	d002      	beq.n	80005d0 <SystemCoreClockUpdate+0x24>
    {
      /* PLL input clock is the backup clock (fOFI) */
      temp = OFI_FREQUENCY;
 80005ca:	4b2b      	ldr	r3, [pc, #172]	; (8000678 <SystemCoreClockUpdate+0xcc>)
 80005cc:	60fb      	str	r3, [r7, #12]
 80005ce:	e002      	b.n	80005d6 <SystemCoreClockUpdate+0x2a>
    }
    else
    {
      /* PLL input clock is the high performance osicllator (fOSCHP) */
      temp = OSCHP_GetFrequency();
 80005d0:	f000 f856 	bl	8000680 <OSCHP_GetFrequency>
 80005d4:	60f8      	str	r0, [r7, #12]
    }

    /* check if PLL is locked */
    if (SCU_PLL->PLLSTAT & SCU_PLL_PLLSTAT_VCOLOCK_Msk)
 80005d6:	4b27      	ldr	r3, [pc, #156]	; (8000674 <SystemCoreClockUpdate+0xc8>)
 80005d8:	681b      	ldr	r3, [r3, #0]
 80005da:	f003 0304 	and.w	r3, r3, #4
 80005de:	2b00      	cmp	r3, #0
 80005e0:	d020      	beq.n	8000624 <SystemCoreClockUpdate+0x78>
    {
      /* PLL normal mode */
      /* read back divider settings */
      pdiv = ((SCU_PLL->PLLCON1 & SCU_PLL_PLLCON1_PDIV_Msk) >> SCU_PLL_PLLCON1_PDIV_Pos) + 1;
 80005e2:	4b24      	ldr	r3, [pc, #144]	; (8000674 <SystemCoreClockUpdate+0xc8>)
 80005e4:	689b      	ldr	r3, [r3, #8]
 80005e6:	f003 6370 	and.w	r3, r3, #251658240	; 0xf000000
 80005ea:	0e1b      	lsrs	r3, r3, #24
 80005ec:	3301      	adds	r3, #1
 80005ee:	60bb      	str	r3, [r7, #8]
      ndiv = ((SCU_PLL->PLLCON1 & SCU_PLL_PLLCON1_NDIV_Msk) >> SCU_PLL_PLLCON1_NDIV_Pos) + 1;
 80005f0:	4b20      	ldr	r3, [pc, #128]	; (8000674 <SystemCoreClockUpdate+0xc8>)
 80005f2:	689b      	ldr	r3, [r3, #8]
 80005f4:	f403 43fe 	and.w	r3, r3, #32512	; 0x7f00
 80005f8:	0a1b      	lsrs	r3, r3, #8
 80005fa:	3301      	adds	r3, #1
 80005fc:	607b      	str	r3, [r7, #4]
      kdiv = ((SCU_PLL->PLLCON1 & SCU_PLL_PLLCON1_K2DIV_Msk) >> SCU_PLL_PLLCON1_K2DIV_Pos) + 1;
 80005fe:	4b1d      	ldr	r3, [pc, #116]	; (8000674 <SystemCoreClockUpdate+0xc8>)
 8000600:	689b      	ldr	r3, [r3, #8]
 8000602:	f403 03fe 	and.w	r3, r3, #8323072	; 0x7f0000
 8000606:	0c1b      	lsrs	r3, r3, #16
 8000608:	3301      	adds	r3, #1
 800060a:	603b      	str	r3, [r7, #0]

      temp = (temp / (pdiv * kdiv)) * ndiv;
 800060c:	68bb      	ldr	r3, [r7, #8]
 800060e:	683a      	ldr	r2, [r7, #0]
 8000610:	fb02 f303 	mul.w	r3, r2, r3
 8000614:	68fa      	ldr	r2, [r7, #12]
 8000616:	fbb2 f3f3 	udiv	r3, r2, r3
 800061a:	687a      	ldr	r2, [r7, #4]
 800061c:	fb02 f303 	mul.w	r3, r2, r3
 8000620:	60fb      	str	r3, [r7, #12]
 8000622:	e00d      	b.n	8000640 <SystemCoreClockUpdate+0x94>
    }
    else
    {
      /* PLL prescalar mode */
      /* read back divider settings */
      kdiv  = ((SCU_PLL->PLLCON1 & SCU_PLL_PLLCON1_K1DIV_Msk) >> SCU_PLL_PLLCON1_K1DIV_Pos) + 1;
 8000624:	4b13      	ldr	r3, [pc, #76]	; (8000674 <SystemCoreClockUpdate+0xc8>)
 8000626:	689b      	ldr	r3, [r3, #8]
 8000628:	f003 037f 	and.w	r3, r3, #127	; 0x7f
 800062c:	3301      	adds	r3, #1
 800062e:	603b      	str	r3, [r7, #0]
      
      temp = (temp / kdiv);
 8000630:	68fa      	ldr	r2, [r7, #12]
 8000632:	683b      	ldr	r3, [r7, #0]
 8000634:	fbb2 f3f3 	udiv	r3, r2, r3
 8000638:	60fb      	str	r3, [r7, #12]
 800063a:	e001      	b.n	8000640 <SystemCoreClockUpdate+0x94>
    }
  }
  else
  {
    /* fOFI is clock source for fSYS */    
    temp = OFI_FREQUENCY;
 800063c:	4b0e      	ldr	r3, [pc, #56]	; (8000678 <SystemCoreClockUpdate+0xcc>)
 800063e:	60fb      	str	r3, [r7, #12]
  }

  temp = temp / ((SCU_CLK->SYSCLKCR & SCU_CLK_SYSCLKCR_SYSDIV_Msk) + 1);
 8000640:	4b0b      	ldr	r3, [pc, #44]	; (8000670 <SystemCoreClockUpdate+0xc4>)
 8000642:	68db      	ldr	r3, [r3, #12]
 8000644:	b2db      	uxtb	r3, r3
 8000646:	3301      	adds	r3, #1
 8000648:	68fa      	ldr	r2, [r7, #12]
 800064a:	fbb2 f3f3 	udiv	r3, r2, r3
 800064e:	60fb      	str	r3, [r7, #12]
  temp = temp / ((SCU_CLK->CPUCLKCR & SCU_CLK_CPUCLKCR_CPUDIV_Msk) + 1);
 8000650:	4b07      	ldr	r3, [pc, #28]	; (8000670 <SystemCoreClockUpdate+0xc4>)
 8000652:	691b      	ldr	r3, [r3, #16]
 8000654:	f003 0301 	and.w	r3, r3, #1
 8000658:	3301      	adds	r3, #1
 800065a:	68fa      	ldr	r2, [r7, #12]
 800065c:	fbb2 f3f3 	udiv	r3, r2, r3
 8000660:	60fb      	str	r3, [r7, #12]

  SystemCoreClock = temp;
 8000662:	4a06      	ldr	r2, [pc, #24]	; (800067c <SystemCoreClockUpdate+0xd0>)
 8000664:	68fb      	ldr	r3, [r7, #12]
 8000666:	6013      	str	r3, [r2, #0]
}
 8000668:	3710      	adds	r7, #16
 800066a:	46bd      	mov	sp, r7
 800066c:	bd80      	pop	{r7, pc}
 800066e:	bf00      	nop
 8000670:	50004600 	.word	0x50004600
 8000674:	50004710 	.word	0x50004710
 8000678:	016e3600 	.word	0x016e3600
 800067c:	2003ffc0 	.word	0x2003ffc0

08000680 <OSCHP_GetFrequency>:

__WEAK uint32_t OSCHP_GetFrequency(void)
{
 8000680:	b480      	push	{r7}
 8000682:	af00      	add	r7, sp, #0
  return OSCHP_FREQUENCY;
 8000684:	4b02      	ldr	r3, [pc, #8]	; (8000690 <OSCHP_GetFrequency+0x10>)
}
 8000686:	4618      	mov	r0, r3
 8000688:	46bd      	mov	sp, r7
 800068a:	f85d 7b04 	ldr.w	r7, [sp], #4
 800068e:	4770      	bx	lr
 8000690:	00b71b00 	.word	0x00b71b00

08000694 <XMC_GPIO_Init>:
/*******************************************************************************
 * API IMPLEMENTATION
 *******************************************************************************/

void XMC_GPIO_Init(XMC_GPIO_PORT_t *const port, const uint8_t pin, const XMC_GPIO_CONFIG_t *const config)
{
 8000694:	b480      	push	{r7}
 8000696:	b085      	sub	sp, #20
 8000698:	af00      	add	r7, sp, #0
 800069a:	60f8      	str	r0, [r7, #12]
 800069c:	460b      	mov	r3, r1
 800069e:	607a      	str	r2, [r7, #4]
 80006a0:	72fb      	strb	r3, [r7, #11]
  XMC_ASSERT("XMC_GPIO_Init: Invalid port", XMC_GPIO_CHECK_PORT(port));
  XMC_ASSERT("XMC_GPIO_Init: Invalid mode", XMC_GPIO_IsModeValid(config->mode));

  /* Switch to input */
  port->IOCR[pin >> 2U] &= (uint32_t)~(PORT_IOCR_PC_Msk << (PORT_IOCR_PC_Size * (pin & 0x3U)));
 80006a2:	7afb      	ldrb	r3, [r7, #11]
 80006a4:	089b      	lsrs	r3, r3, #2
 80006a6:	b2db      	uxtb	r3, r3
 80006a8:	4618      	mov	r0, r3
 80006aa:	7afb      	ldrb	r3, [r7, #11]
 80006ac:	089b      	lsrs	r3, r3, #2
 80006ae:	b2db      	uxtb	r3, r3
 80006b0:	461a      	mov	r2, r3
 80006b2:	68fb      	ldr	r3, [r7, #12]
 80006b4:	3204      	adds	r2, #4
 80006b6:	f853 2022 	ldr.w	r2, [r3, r2, lsl #2]
 80006ba:	7afb      	ldrb	r3, [r7, #11]
 80006bc:	f003 0303 	and.w	r3, r3, #3
 80006c0:	00db      	lsls	r3, r3, #3
 80006c2:	4619      	mov	r1, r3
 80006c4:	23f8      	movs	r3, #248	; 0xf8
 80006c6:	408b      	lsls	r3, r1
 80006c8:	43db      	mvns	r3, r3
 80006ca:	ea02 0103 	and.w	r1, r2, r3
 80006ce:	68fb      	ldr	r3, [r7, #12]
 80006d0:	1d02      	adds	r2, r0, #4
 80006d2:	f843 1022 	str.w	r1, [r3, r2, lsl #2]

  /* HW port control is disabled */
  port->HWSEL &= ~(uint32_t)((uint32_t)PORT_HWSEL_Msk << ((uint32_t)pin << 1U));
 80006d6:	68fb      	ldr	r3, [r7, #12]
 80006d8:	6f5a      	ldr	r2, [r3, #116]	; 0x74
 80006da:	7afb      	ldrb	r3, [r7, #11]
 80006dc:	005b      	lsls	r3, r3, #1
 80006de:	4619      	mov	r1, r3
 80006e0:	2303      	movs	r3, #3
 80006e2:	408b      	lsls	r3, r1
 80006e4:	43db      	mvns	r3, r3
 80006e6:	401a      	ands	r2, r3
 80006e8:	68fb      	ldr	r3, [r7, #12]
 80006ea:	675a      	str	r2, [r3, #116]	; 0x74


  /* Enable digital input */
  if (XMC_GPIO_CHECK_ANALOG_PORT(port))
 80006ec:	68fb      	ldr	r3, [r7, #12]
 80006ee:	4a3a      	ldr	r2, [pc, #232]	; (80007d8 <XMC_GPIO_Init+0x144>)
 80006f0:	4293      	cmp	r3, r2
 80006f2:	d003      	beq.n	80006fc <XMC_GPIO_Init+0x68>
 80006f4:	68fb      	ldr	r3, [r7, #12]
 80006f6:	4a39      	ldr	r2, [pc, #228]	; (80007dc <XMC_GPIO_Init+0x148>)
 80006f8:	4293      	cmp	r3, r2
 80006fa:	d10a      	bne.n	8000712 <XMC_GPIO_Init+0x7e>
  {
    port->PDISC &= ~(uint32_t)((uint32_t)0x1U << pin);
 80006fc:	68fb      	ldr	r3, [r7, #12]
 80006fe:	6e1a      	ldr	r2, [r3, #96]	; 0x60
 8000700:	7afb      	ldrb	r3, [r7, #11]
 8000702:	2101      	movs	r1, #1
 8000704:	fa01 f303 	lsl.w	r3, r1, r3
 8000708:	43db      	mvns	r3, r3
 800070a:	401a      	ands	r2, r3
 800070c:	68fb      	ldr	r3, [r7, #12]
 800070e:	661a      	str	r2, [r3, #96]	; 0x60
 8000710:	e042      	b.n	8000798 <XMC_GPIO_Init+0x104>
  }
  else
  {
    if ((config->mode & XMC_GPIO_MODE_OE) != 0)
 8000712:	687b      	ldr	r3, [r7, #4]
 8000714:	781b      	ldrb	r3, [r3, #0]
 8000716:	b2db      	uxtb	r3, r3
 8000718:	b25b      	sxtb	r3, r3
 800071a:	2b00      	cmp	r3, #0
 800071c:	da3c      	bge.n	8000798 <XMC_GPIO_Init+0x104>
    {
      /* If output is enabled */

      /* Set output level */
      port->OMR = (uint32_t)config->output_level << pin;
 800071e:	687b      	ldr	r3, [r7, #4]
 8000720:	685a      	ldr	r2, [r3, #4]
 8000722:	7afb      	ldrb	r3, [r7, #11]
 8000724:	409a      	lsls	r2, r3
 8000726:	68fb      	ldr	r3, [r7, #12]
 8000728:	605a      	str	r2, [r3, #4]

      /* Set output driver strength */
      port->PDR[pin >> 3U] &= (uint32_t)~(PORT_PDR_Msk << ((uint32_t)PORT_PDR_Size * ((uint32_t)pin & 0x7U)));
 800072a:	7afb      	ldrb	r3, [r7, #11]
 800072c:	08db      	lsrs	r3, r3, #3
 800072e:	b2db      	uxtb	r3, r3
 8000730:	4618      	mov	r0, r3
 8000732:	7afb      	ldrb	r3, [r7, #11]
 8000734:	08db      	lsrs	r3, r3, #3
 8000736:	b2db      	uxtb	r3, r3
 8000738:	461a      	mov	r2, r3
 800073a:	68fb      	ldr	r3, [r7, #12]
 800073c:	3210      	adds	r2, #16
 800073e:	f853 2022 	ldr.w	r2, [r3, r2, lsl #2]
 8000742:	7afb      	ldrb	r3, [r7, #11]
 8000744:	f003 0307 	and.w	r3, r3, #7
 8000748:	009b      	lsls	r3, r3, #2
 800074a:	4619      	mov	r1, r3
 800074c:	2307      	movs	r3, #7
 800074e:	408b      	lsls	r3, r1
 8000750:	43db      	mvns	r3, r3
 8000752:	ea02 0103 	and.w	r1, r2, r3
 8000756:	68fb      	ldr	r3, [r7, #12]
 8000758:	f100 0210 	add.w	r2, r0, #16
 800075c:	f843 1022 	str.w	r1, [r3, r2, lsl #2]
      port->PDR[pin >> 3U] |= (uint32_t)config->output_strength << ((uint32_t)PORT_PDR_Size * ((uint32_t)pin & 0x7U));
 8000760:	7afb      	ldrb	r3, [r7, #11]
 8000762:	08db      	lsrs	r3, r3, #3
 8000764:	b2db      	uxtb	r3, r3
 8000766:	4618      	mov	r0, r3
 8000768:	7afb      	ldrb	r3, [r7, #11]
 800076a:	08db      	lsrs	r3, r3, #3
 800076c:	b2db      	uxtb	r3, r3
 800076e:	461a      	mov	r2, r3
 8000770:	68fb      	ldr	r3, [r7, #12]
 8000772:	3210      	adds	r2, #16
 8000774:	f853 2022 	ldr.w	r2, [r3, r2, lsl #2]
 8000778:	687b      	ldr	r3, [r7, #4]
 800077a:	7a1b      	ldrb	r3, [r3, #8]
 800077c:	4619      	mov	r1, r3
 800077e:	7afb      	ldrb	r3, [r7, #11]
 8000780:	f003 0307 	and.w	r3, r3, #7
 8000784:	009b      	lsls	r3, r3, #2
 8000786:	fa01 f303 	lsl.w	r3, r1, r3
 800078a:	ea42 0103 	orr.w	r1, r2, r3
 800078e:	68fb      	ldr	r3, [r7, #12]
 8000790:	f100 0210 	add.w	r2, r0, #16
 8000794:	f843 1022 	str.w	r1, [r3, r2, lsl #2]
    }
  }

  /* Set mode */
  port->IOCR[pin >> 2U] |= (uint32_t)config->mode << ((uint32_t)PORT_IOCR_PC_Size * ((uint32_t)pin & 0x3U));
 8000798:	7afb      	ldrb	r3, [r7, #11]
 800079a:	089b      	lsrs	r3, r3, #2
 800079c:	b2db      	uxtb	r3, r3
 800079e:	4618      	mov	r0, r3
 80007a0:	7afb      	ldrb	r3, [r7, #11]
 80007a2:	089b      	lsrs	r3, r3, #2
 80007a4:	b2db      	uxtb	r3, r3
 80007a6:	461a      	mov	r2, r3
 80007a8:	68fb      	ldr	r3, [r7, #12]
 80007aa:	3204      	adds	r2, #4
 80007ac:	f853 2022 	ldr.w	r2, [r3, r2, lsl #2]
 80007b0:	687b      	ldr	r3, [r7, #4]
 80007b2:	781b      	ldrb	r3, [r3, #0]
 80007b4:	4619      	mov	r1, r3
 80007b6:	7afb      	ldrb	r3, [r7, #11]
 80007b8:	f003 0303 	and.w	r3, r3, #3
 80007bc:	00db      	lsls	r3, r3, #3
 80007be:	fa01 f303 	lsl.w	r3, r1, r3
 80007c2:	ea42 0103 	orr.w	r1, r2, r3
 80007c6:	68fb      	ldr	r3, [r7, #12]
 80007c8:	1d02      	adds	r2, r0, #4
 80007ca:	f843 1022 	str.w	r1, [r3, r2, lsl #2]
}
 80007ce:	3714      	adds	r7, #20
 80007d0:	46bd      	mov	sp, r7
 80007d2:	f85d 7b04 	ldr.w	r7, [sp], #4
 80007d6:	4770      	bx	lr
 80007d8:	48028e00 	.word	0x48028e00
 80007dc:	48028f00 	.word	0x48028f00

080007e0 <XMC_GPIO_SetHardwareControl>:
  port->IOCR[(uint32_t)pin >> 2U] &= ~(uint32_t)((uint32_t)PORT_IOCR_PC_Msk << ((uint32_t)PORT_IOCR_PC_Size * ((uint32_t)pin & 0x3U)));
  port->IOCR[(uint32_t)pin >> 2U] |= (uint32_t)mode << ((uint32_t)PORT_IOCR_PC_Size * ((uint32_t)pin & 0x3U));
}

void XMC_GPIO_SetHardwareControl(XMC_GPIO_PORT_t *const port, const uint8_t pin, const XMC_GPIO_HWCTRL_t hwctrl)
{
 80007e0:	b480      	push	{r7}
 80007e2:	b083      	sub	sp, #12
 80007e4:	af00      	add	r7, sp, #0
 80007e6:	6078      	str	r0, [r7, #4]
 80007e8:	460b      	mov	r3, r1
 80007ea:	70fb      	strb	r3, [r7, #3]
 80007ec:	4613      	mov	r3, r2
 80007ee:	70bb      	strb	r3, [r7, #2]
  XMC_ASSERT("XMC_GPIO_SetHardwareControl: Invalid port", XMC_GPIO_CHECK_PORT(port));
  XMC_ASSERT("XMC_GPIO_SetHardwareControl: Invalid hwctrl", XMC_GPIO_CHECK_HWCTRL(hwctrl));

  port->HWSEL &= ~(uint32_t)((uint32_t)PORT_HWSEL_Msk << ((uint32_t)pin << 1U));
 80007f0:	687b      	ldr	r3, [r7, #4]
 80007f2:	6f5a      	ldr	r2, [r3, #116]	; 0x74
 80007f4:	78fb      	ldrb	r3, [r7, #3]
 80007f6:	005b      	lsls	r3, r3, #1
 80007f8:	4619      	mov	r1, r3
 80007fa:	2303      	movs	r3, #3
 80007fc:	408b      	lsls	r3, r1
 80007fe:	43db      	mvns	r3, r3
 8000800:	401a      	ands	r2, r3
 8000802:	687b      	ldr	r3, [r7, #4]
 8000804:	675a      	str	r2, [r3, #116]	; 0x74
  port->HWSEL |= (uint32_t)hwctrl << ((uint32_t)pin << 1U);
 8000806:	687b      	ldr	r3, [r7, #4]
 8000808:	6f5a      	ldr	r2, [r3, #116]	; 0x74
 800080a:	78bb      	ldrb	r3, [r7, #2]
 800080c:	78f9      	ldrb	r1, [r7, #3]
 800080e:	0049      	lsls	r1, r1, #1
 8000810:	408b      	lsls	r3, r1
 8000812:	431a      	orrs	r2, r3
 8000814:	687b      	ldr	r3, [r7, #4]
 8000816:	675a      	str	r2, [r3, #116]	; 0x74
}
 8000818:	370c      	adds	r7, #12
 800081a:	46bd      	mov	sp, r7
 800081c:	f85d 7b04 	ldr.w	r7, [sp], #4
 8000820:	4770      	bx	lr
 8000822:	bf00      	nop

08000824 <_init>:
  }
}

/* Init */
void _init(void)
{}
 8000824:	b480      	push	{r7}
 8000826:	af00      	add	r7, sp, #0
 8000828:	46bd      	mov	sp, r7
 800082a:	f85d 7b04 	ldr.w	r7, [sp], #4
 800082e:	4770      	bx	lr

08000830 <DIGITAL_IO_Init>:
* @param handler Pointer pointing to APP data structure.
* @return DIGITAL_IO_STATUS_t DIGITAL_IO APP status.
*/

DIGITAL_IO_STATUS_t DIGITAL_IO_Init(const DIGITAL_IO_t *const handler)
{
 8000830:	b580      	push	{r7, lr}
 8000832:	b082      	sub	sp, #8
 8000834:	af00      	add	r7, sp, #0
 8000836:	6078      	str	r0, [r7, #4]
  XMC_ASSERT("DIGITAL_IO_Init: handler null pointer", handler != NULL);

  /* Initializes input / output characteristics */
  XMC_GPIO_Init(handler->gpio_port, handler->gpio_pin, &handler->gpio_config);
 8000838:	687b      	ldr	r3, [r7, #4]
 800083a:	6819      	ldr	r1, [r3, #0]
 800083c:	687b      	ldr	r3, [r7, #4]
 800083e:	7c1a      	ldrb	r2, [r3, #16]
 8000840:	687b      	ldr	r3, [r7, #4]
 8000842:	3304      	adds	r3, #4
 8000844:	4608      	mov	r0, r1
 8000846:	4611      	mov	r1, r2
 8000848:	461a      	mov	r2, r3
 800084a:	f7ff ff23 	bl	8000694 <XMC_GPIO_Init>

  /*Configure hardware port control*/
  XMC_GPIO_SetHardwareControl(handler->gpio_port, handler->gpio_pin, handler->hwctrl);
 800084e:	687b      	ldr	r3, [r7, #4]
 8000850:	6819      	ldr	r1, [r3, #0]
 8000852:	687b      	ldr	r3, [r7, #4]
 8000854:	7c1a      	ldrb	r2, [r3, #16]
 8000856:	687b      	ldr	r3, [r7, #4]
 8000858:	7c5b      	ldrb	r3, [r3, #17]
 800085a:	4608      	mov	r0, r1
 800085c:	4611      	mov	r1, r2
 800085e:	461a      	mov	r2, r3
 8000860:	f7ff ffbe 	bl	80007e0 <XMC_GPIO_SetHardwareControl>

  return (DIGITAL_IO_STATUS_OK);
 8000864:	2300      	movs	r3, #0
}
 8000866:	4618      	mov	r0, r3
 8000868:	3708      	adds	r7, #8
 800086a:	46bd      	mov	sp, r7
 800086c:	bd80      	pop	{r7, pc}
 800086e:	bf00      	nop

08000870 <DAVE_Init>:
 * @param[in]  None
 *
 * @return  DAVE_STATUS_t <BR>
 ******************************************************************************/
__WEAK DAVE_STATUS_t DAVE_Init(void)
{
 8000870:	b580      	push	{r7, lr}
 8000872:	b082      	sub	sp, #8
 8000874:	af00      	add	r7, sp, #0
  DAVE_STATUS_t init_status;
  
  init_status = DAVE_STATUS_SUCCESS;
 8000876:	2300      	movs	r3, #0
 8000878:	71fb      	strb	r3, [r7, #7]
  if (init_status == DAVE_STATUS_SUCCESS)
 800087a:	79fb      	ldrb	r3, [r7, #7]
 800087c:	2b00      	cmp	r3, #0
 800087e:	d104      	bne.n	800088a <DAVE_Init+0x1a>
  {
	 /**  Initialization of DIGITAL_IO APP instance LED1 */
	 init_status = (DAVE_STATUS_t)DIGITAL_IO_Init(&LED1); 
 8000880:	4804      	ldr	r0, [pc, #16]	; (8000894 <DAVE_Init+0x24>)
 8000882:	f7ff ffd5 	bl	8000830 <DIGITAL_IO_Init>
 8000886:	4603      	mov	r3, r0
 8000888:	71fb      	strb	r3, [r7, #7]
   }  
  return init_status;
 800088a:	79fb      	ldrb	r3, [r7, #7]
} /**  End of function DAVE_Init */
 800088c:	4618      	mov	r0, r3
 800088e:	3708      	adds	r7, #8
 8000890:	46bd      	mov	sp, r7
 8000892:	bd80      	pop	{r7, pc}
 8000894:	080009a8 	.word	0x080009a8

08000898 <XMC_GPIO_ToggleOutput>:
 * and does not contain any flip-flop. A read action delivers the value of 0.
 *
 */

__STATIC_INLINE void XMC_GPIO_ToggleOutput(XMC_GPIO_PORT_t *const port, const uint8_t pin)
{
 8000898:	b480      	push	{r7}
 800089a:	b083      	sub	sp, #12
 800089c:	af00      	add	r7, sp, #0
 800089e:	6078      	str	r0, [r7, #4]
 80008a0:	460b      	mov	r3, r1
 80008a2:	70fb      	strb	r3, [r7, #3]
  XMC_ASSERT("XMC_GPIO_ToggleOutput: Invalid port", XMC_GPIO_CHECK_OUTPUT_PORT(port));

  port->OMR = 0x10001U << pin;
 80008a4:	78fb      	ldrb	r3, [r7, #3]
 80008a6:	f04f 1201 	mov.w	r2, #65537	; 0x10001
 80008aa:	409a      	lsls	r2, r3
 80008ac:	687b      	ldr	r3, [r7, #4]
 80008ae:	605a      	str	r2, [r3, #4]
}
 80008b0:	370c      	adds	r7, #12
 80008b2:	46bd      	mov	sp, r7
 80008b4:	f85d 7b04 	ldr.w	r7, [sp], #4
 80008b8:	4770      	bx	lr
 80008ba:	bf00      	nop

080008bc <DIGITAL_IO_ToggleOutput>:
* }
*  @endcode
*/

__STATIC_INLINE void DIGITAL_IO_ToggleOutput(const DIGITAL_IO_t *const handler)
{
 80008bc:	b580      	push	{r7, lr}
 80008be:	b082      	sub	sp, #8
 80008c0:	af00      	add	r7, sp, #0
 80008c2:	6078      	str	r0, [r7, #4]
  XMC_ASSERT("DIGITAL_IO_ToggleOutput: handler null pointer", handler != NULL);
  XMC_GPIO_ToggleOutput(handler->gpio_port, handler->gpio_pin);
 80008c4:	687b      	ldr	r3, [r7, #4]
 80008c6:	681a      	ldr	r2, [r3, #0]
 80008c8:	687b      	ldr	r3, [r7, #4]
 80008ca:	7c1b      	ldrb	r3, [r3, #16]
 80008cc:	4610      	mov	r0, r2
 80008ce:	4619      	mov	r1, r3
 80008d0:	f7ff ffe2 	bl	8000898 <XMC_GPIO_ToggleOutput>
}
 80008d4:	3708      	adds	r7, #8
 80008d6:	46bd      	mov	sp, r7
 80008d8:	bd80      	pop	{r7, pc}
 80008da:	bf00      	nop

080008dc <main>:
 * invoking the APP initialization dispatcher routine - DAVE_Init() and hosting the place-holder for user application
 * code.
 */

int main(void)
{
 80008dc:	b580      	push	{r7, lr}
 80008de:	b084      	sub	sp, #16
 80008e0:	af00      	add	r7, sp, #0
  DAVE_STATUS_t status;

  status = DAVE_Init();           /* Initialization of DAVE APPs  */
 80008e2:	f7ff ffc5 	bl	8000870 <DAVE_Init>
 80008e6:	4603      	mov	r3, r0
 80008e8:	71fb      	strb	r3, [r7, #7]

  if (status != DAVE_STATUS_SUCCESS)
 80008ea:	79fb      	ldrb	r3, [r7, #7]
 80008ec:	2b00      	cmp	r3, #0
 80008ee:	d000      	beq.n	80008f2 <main+0x16>
    XMC_DEBUG("DAVE APPs initialization failed\n");

    while(1U)
    {

    }
 80008f0:	e7fe      	b.n	80008f0 <main+0x14>
  }

  /* Placeholder for user application code. The while loop below can be replaced with user application code. */
  while(1U)
  {
	  DIGITAL_IO_ToggleOutput(&LED1); //Function to Toggle port pin
 80008f2:	4818      	ldr	r0, [pc, #96]	; (8000954 <main+0x78>)
 80008f4:	f7ff ffe2 	bl	80008bc <DIGITAL_IO_ToggleOutput>
	  for(float i=0; i<900000; i++); //
 80008f8:	f04f 0300 	mov.w	r3, #0
 80008fc:	60fb      	str	r3, [r7, #12]
 80008fe:	e007      	b.n	8000910 <main+0x34>
 8000900:	edd7 7a03 	vldr	s15, [r7, #12]
 8000904:	eeb7 7a00 	vmov.f32	s14, #112	; 0x70
 8000908:	ee77 7a87 	vadd.f32	s15, s15, s14
 800090c:	edc7 7a03 	vstr	s15, [r7, #12]
 8000910:	edd7 7a03 	vldr	s15, [r7, #12]
 8000914:	ed9f 7a10 	vldr	s14, [pc, #64]	; 8000958 <main+0x7c>
 8000918:	eef4 7ac7 	vcmpe.f32	s15, s14
 800091c:	eef1 fa10 	vmrs	APSR_nzcv, fpscr
 8000920:	d4ee      	bmi.n	8000900 <main+0x24>

	  DIGITAL_IO_ToggleOutput(&LED1); //Function to Toggle port pin
 8000922:	480c      	ldr	r0, [pc, #48]	; (8000954 <main+0x78>)
 8000924:	f7ff ffca 	bl	80008bc <DIGITAL_IO_ToggleOutput>
	  for(float i=0; i<900000; i++); //
 8000928:	f04f 0300 	mov.w	r3, #0
 800092c:	60bb      	str	r3, [r7, #8]
 800092e:	e007      	b.n	8000940 <main+0x64>
 8000930:	edd7 7a02 	vldr	s15, [r7, #8]
 8000934:	eeb7 7a00 	vmov.f32	s14, #112	; 0x70
 8000938:	ee77 7a87 	vadd.f32	s15, s15, s14
 800093c:	edc7 7a02 	vstr	s15, [r7, #8]
 8000940:	edd7 7a02 	vldr	s15, [r7, #8]
 8000944:	ed9f 7a04 	vldr	s14, [pc, #16]	; 8000958 <main+0x7c>
 8000948:	eef4 7ac7 	vcmpe.f32	s15, s14
 800094c:	eef1 fa10 	vmrs	APSR_nzcv, fpscr
 8000950:	d4ee      	bmi.n	8000930 <main+0x54>
	  for(float i=0; i<900000000; i++); //

	  DIGITAL_IO_ToggleOutput(&LED2); //Function to Toggle port pin
	  for(float i=0; i<900000000; i++); //*/

  }
 8000952:	e7ce      	b.n	80008f2 <main+0x16>
 8000954:	080009a8 	.word	0x080009a8
 8000958:	495bba00 	.word	0x495bba00

0800095c <__libc_init_array>:
 800095c:	b570      	push	{r4, r5, r6, lr}
 800095e:	4b0e      	ldr	r3, [pc, #56]	; (8000998 <__libc_init_array+0x3c>)
 8000960:	4c0e      	ldr	r4, [pc, #56]	; (800099c <__libc_init_array+0x40>)
 8000962:	1ae4      	subs	r4, r4, r3
 8000964:	10a4      	asrs	r4, r4, #2
 8000966:	2500      	movs	r5, #0
 8000968:	461e      	mov	r6, r3
 800096a:	42a5      	cmp	r5, r4
 800096c:	d004      	beq.n	8000978 <__libc_init_array+0x1c>
 800096e:	f856 3025 	ldr.w	r3, [r6, r5, lsl #2]
 8000972:	4798      	blx	r3
 8000974:	3501      	adds	r5, #1
 8000976:	e7f8      	b.n	800096a <__libc_init_array+0xe>
 8000978:	f7ff ff54 	bl	8000824 <_init>
 800097c:	4c08      	ldr	r4, [pc, #32]	; (80009a0 <__libc_init_array+0x44>)
 800097e:	4b09      	ldr	r3, [pc, #36]	; (80009a4 <__libc_init_array+0x48>)
 8000980:	1ae4      	subs	r4, r4, r3
 8000982:	10a4      	asrs	r4, r4, #2
 8000984:	2500      	movs	r5, #0
 8000986:	461e      	mov	r6, r3
 8000988:	42a5      	cmp	r5, r4
 800098a:	d004      	beq.n	8000996 <__libc_init_array+0x3a>
 800098c:	f856 3025 	ldr.w	r3, [r6, r5, lsl #2]
 8000990:	4798      	blx	r3
 8000992:	3501      	adds	r5, #1
 8000994:	e7f8      	b.n	8000988 <__libc_init_array+0x2c>
 8000996:	bd70      	pop	{r4, r5, r6, pc}
 8000998:	1ffe8800 	.word	0x1ffe8800
 800099c:	1ffe8800 	.word	0x1ffe8800
 80009a0:	1ffe8800 	.word	0x1ffe8800
 80009a4:	1ffe8800 	.word	0x1ffe8800

080009a8 <LED1>:
 80009a8:	48028100 00000080 00000001 00000000     ...H............
 80009b8:	0000000d                                ....
